card.io/build/intermediates/proguard-rules/release/aapt_rules.txt
# view AndroidManifest.xml #generated:20
-keep class io.card.payment.CardIOActivity { <init>(...); }

# view AndroidManifest.xml #generated:24
-keep class io.card.payment.DataEntryActivity { <init>(...); }