card.io/build/outputs/mapping/release/seeds.txt
io.card.payment.BuildConfig
io.card.payment.BuildConfig: boolean DEBUG
io.card.payment.BuildConfig: java.lang.String APPLICATION_ID
io.card.payment.BuildConfig: java.lang.String BUILD_TYPE
io.card.payment.BuildConfig: java.lang.String FLAVOR
io.card.payment.BuildConfig: int VERSION_CODE
io.card.payment.BuildConfig: java.lang.String VERSION_NAME
io.card.payment.BuildConfig: java.lang.String BUILD_TIME
io.card.payment.BuildConfig: java.lang.String PRODUCT_NAME
io.card.payment.BuildConfig: java.lang.String PRODUCT_VERSION
io.card.payment.BuildConfig: BuildConfig()
io.card.payment.CameraUnavailableException
io.card.payment.CameraUnavailableException: long serialVersionUID
io.card.payment.CameraUnavailableException: CameraUnavailableException()
io.card.payment.CardIOActivity
io.card.payment.CardIOActivity: java.lang.String EXTRA_NO_CAMERA
io.card.payment.CardIOActivity: java.lang.String EXTRA_REQUIRE_EXPIRY
io.card.payment.CardIOActivity: java.lang.String EXTRA_SCAN_EXPIRY
io.card.payment.CardIOActivity: java.lang.String EXTRA_UNBLUR_DIGITS
io.card.payment.CardIOActivity: java.lang.String EXTRA_REQUIRE_CVV
io.card.payment.CardIOActivity: java.lang.String EXTRA_REQUIRE_POSTAL_CODE
io.card.payment.CardIOActivity: java.lang.String EXTRA_RESTRICT_POSTAL_CODE_TO_NUMERIC_ONLY
io.card.payment.CardIOActivity: java.lang.String EXTRA_REQUIRE_CARDHOLDER_NAME
io.card.payment.CardIOActivity: java.lang.String EXTRA_USE_CARDIO_LOGO
io.card.payment.CardIOActivity: java.lang.String EXTRA_SCAN_RESULT
io.card.payment.CardIOActivity: java.lang.String EXTRA_SUPPRESS_MANUAL_ENTRY
io.card.payment.CardIOActivity: java.lang.String EXTRA_LANGUAGE_OR_LOCALE
io.card.payment.CardIOActivity: java.lang.String EXTRA_GUIDE_COLOR
io.card.payment.CardIOActivity: java.lang.String EXTRA_SUPPRESS_CONFIRMATION
io.card.payment.CardIOActivity: java.lang.String EXTRA_HIDE_CARDIO_LOGO
io.card.payment.CardIOActivity: java.lang.String EXTRA_SCAN_INSTRUCTIONS
io.card.payment.CardIOActivity: java.lang.String EXTRA_SUPPRESS_SCAN
io.card.payment.CardIOActivity: java.lang.String EXTRA_CAPTURED_CARD_IMAGE
io.card.payment.CardIOActivity: java.lang.String EXTRA_RETURN_CARD_IMAGE
io.card.payment.CardIOActivity: java.lang.String EXTRA_SCAN_OVERLAY_LAYOUT_ID
io.card.payment.CardIONativeLibsConfig
io.card.payment.CardIONativeLibsConfig: CardIONativeLibsConfig()
io.card.payment.CardIONativeLibsConfig: void init(java.lang.String)
io.card.payment.CardScanner
io.card.payment.CardScanner: boolean nUseNeon()
io.card.payment.CardScanner: boolean nUseTegra()
io.card.payment.CardScanner: boolean nUseX86()
io.card.payment.CardScanner: void nSetup(boolean,float)
io.card.payment.CardScanner: void nSetup(boolean,float,int)
io.card.payment.CardScanner: void nResetAnalytics()
io.card.payment.CardScanner: void nGetGuideFrame(int,int,int,android.graphics.Rect)
io.card.payment.CardScanner: void nScanFrame(byte[],int,int,int,io.card.payment.DetectionInfo,android.graphics.Bitmap,boolean)
io.card.payment.CardScanner: int nGetNumFramesScanned()
io.card.payment.CardScanner: void nCleanup()
io.card.payment.CardScanner: void onEdgeUpdate(io.card.payment.DetectionInfo)