card.io/build/outputs/mapping/release/usage.txt
io.card.payment.AlwaysValid:
    13:15:public AlwaysValid(java.lang.String)
io.card.payment.Base64EncodedImages
io.card.payment.CardIOActivity:
    private static final java.lang.String EXTRA_MANUAL_ENTRY_RESULT
    static final java.lang.String PRIVATE_EXTRA_CAMERA_BYPASS_TEST_MODE
    private static final int DEGREE_DELTA
    private static final int ORIENTATION_PORTRAIT
    private static final int ORIENTATION_PORTRAIT_UPSIDE_DOWN
    private static final int ORIENTATION_LANDSCAPE_RIGHT
    private static final int ORIENTATION_LANDSCAPE_LEFT
    private static final int FRAME_ID
    private static final int UIBAR_ID
    private static final int KEY_BTN_ID
    private static final java.lang.String BUNDLE_WAITING_FOR_PERMISSION
    private static final float UIBAR_VERTICAL_MARGIN_DP
    private static final int TOAST_OFFSET_Y
    private static final int DATA_ENTRY_REQUEST_ID
    private static final int PERMISSION_REQUEST_ID
    955:956:void toggleFlash()
io.card.payment.CardScanner:
    private static final float MIN_FOCUS_SCORE
    private static final int DEFAULT_UNBLUR_DIGITS
    private static final int CAMERA_CONNECT_TIMEOUT
    private static final int CAMERA_CONNECT_RETRY_INTERVAL
    static final int ORIENTATION_PORTRAIT
    static final int CREDIT_CARD_TARGET_WIDTH
    static final int CREDIT_CARD_TARGET_HEIGHT
    534:534:android.graphics.Rect getGuideFrame()
    546:546:int getDeviceOrientation()
    550:560:java.util.Map getAnalytics()
    585:588:void toggleFlash()
    622:626:public boolean isFlashOn()
io.card.payment.CreditCardNumber:
    14:14:CreditCardNumber()
    117:127:public static boolean isDateValid(java.lang.String)
io.card.payment.DataEntryActivity:
    private static final int MAX_POSTAL_CODE_LENGTH
    private static final int MAX_CARDHOLDER_NAME_LENGTH
    private static final java.lang.String PADDING_DIP
    private static final java.lang.String LABEL_LEFT_PADDING_DEFAULT
    private static final java.lang.String LABEL_LEFT_PADDING_HOLO
    private static final java.lang.String FIELD_HALF_GUTTER
    private static final int editTextIdBase
io.card.payment.Logo:
    private static final int ALPHA
io.card.payment.ManualButton:
    private static final int ALPHA
io.card.payment.OverlayView:
    private static final float GUIDE_FONT_SIZE
    private static final float GUIDE_LINE_PADDING
    private static final float GUIDE_LINE_HEIGHT
    private static final float CARD_NUMBER_MARKUP_FONT_SIZE
    private static final int GUIDE_STROKE_WIDTH
    private static final float CORNER_RADIUS_SIZE
    private static final int TORCH_WIDTH
    private static final int TORCH_HEIGHT
    private static final int LOGO_MAX_WIDTH
    private static final int MANUAL_MAX_WIDTH
    private static final int LOGO_MAX_HEIGHT
    private static final int BUTTON_TOUCH_TOLERANCE
    android.graphics.drawable.GradientDrawable mScanLineDrawable
    151:151:public int getGuideColor()
    159:159:public boolean getHideCardIOLogo()
    167:167:public java.lang.String getScanInstructions()
    248:248:public int getCardX()
    252:252:public int getCardY()
io.card.payment.StringHelper:
    7:7:StringHelper()
io.card.payment.Torch:
    private static final float CORNER_RADIUS
    private static final int BG_ALPHA
    36:85:public void draw(android.graphics.Canvas)
    98:111:private static android.graphics.Path createBoltPath()
io.card.payment.Util:
    public static final java.lang.String PUBLIC_LOG_TAG
io.card.payment.i18n.I18nManager:
    91:96:public java.util.List getMissingLocaleMessages()
    271:271:public java.util.List getSupportedLocales()
    296:296:public boolean isCurrentLocaleRightToLeftLang()
io.card.payment.i18n.LocalizedStrings:
    17:17:public LocalizedStrings()
    66:66:static java.util.Collection getMissingLocaleMessages()
io.card.payment.i18n.locales.LocalizedStringsList:
    13:13:public LocalizedStringsList()
io.card.payment.ui.ActivityHelper:
    19:19:public ActivityHelper()